INFO: 07/18/2018 09:28:57 web
INFO: Invoke Spark: /home/hadoop/spark_latest/bin/spark-submit ml/train_skLearn.py -f hdfs://master:9000/user/hadoop/upload/data_out/12 -n libsvm_data -o /home/django/myml/media/result/12 -r 12 -sp spark://master:7077 -w 1 -pm {"c":"1","learning_algorithm":"linear_svm"} -sl 1 -dsid 12
Picked up _JAVA_OPTIONS: -Xmx1g
Picked up _JAVA_OPTIONS: -Xmx1g
18/07/18 09:28:59 WARN NativeCodeLoader: Unable to load native-hadoop library for your platform... using builtin-java classes where applicable
/usr/local/lib/python2.7/dist-packages/sklearn/cross_validation.py:41: DeprecationWarning: This module was deprecated in version 0.18 in favor of the model_selection module into which all the refactored classes and functions are moved. Also note that the interface of the new CV iterators are different from that of this module. This module will be removed in 0.20.
  "This module will be removed in 0.20.", DeprecationWarning)
/usr/local/lib/python2.7/dist-packages/sklearn/grid_search.py:42: DeprecationWarning: This module was deprecated in version 0.18 in favor of the model_selection module into which all the refactored classes and functions are moved. This module will be removed in 0.20.
  DeprecationWarning)
INFO: zip_file_path= ./ml/train_ngram.zip
INFO: model_data_folder= /home/django/myml/media/result/12/12_model/
INFO: excluded_feat_cslist= None
INFO: libsvm_data_file= hdfs://master:9000/user/hadoop/upload/data_out/12/libsvm_data
INFO: feature_count= 4
INFO: training sample count= 120 , testing sample count= 30 ,sample_count= 150
INFO: training label list= Counter({1.0: 44, 2.0: 40, 0.0: 36}) , testing label list= Counter({0.0: 14, 2.0: 10, 1.0: 6})
INFO: train_hash_list count= 120 , test_hash_list count= 30
1228582957
568520689
1282878711
1022971871
INFO: running time: 5.297076
INFO: ============ Learning Algorithm linear_svm =============
INFO: C =  1.0
INFO: ==================== 1: Linear SVM =============
INFO: model type= <class 'sklearn.svm.classes.LinearSVC'>  clf= LinearSVC(C=1.0, class_weight=None, dual=True, fit_intercept=True,
     intercept_scaling=1, loss='squared_hinge', max_iter=1000,
     multi_class='ovr', penalty='l2', random_state=None, tol=0.0001,
     verbose=0)
INFO: total feature # in the model:  4
INFO: feat_filename= /home/django/myml/media/result/12/12_feat_coef.json
INFO: save_dict id=12, key=coef_arr, rc= 1
INFO: save_dict id=12, key=coef_intercept, rc= 1
INFO: jfeat_coef_dict len= 4
INFO: Accuracy =  0.9666666666666667
INFO: false_pred_fname= /home/django/myml/media/result/12/12_false_pred.json
INFO: pred_ofname= /home/django/myml/media/result/12/12_pred_output.pkl
INFO: label_dic = {0: 'Iris-setosa', 1: 'Iris-versicolor', 2: 'Iris-virginica'}
INFO: Number of samples in each label is= {0: 14, 1: 6, 2: 10}
INFO: figure files:  /home/django/myml/media/result/12/12_1.png /home/django/myml/media/result/12/12_2.png
INFO: Sqlite update done! ret= 1
INFO: running time: 5.789949
INFO: Train Finished!
INFO: Invoke python: db/exec_sqlite.py -s delete from atdml_document where file_type='predict' and train_id=12
INFO: 07/18/2018 09:29:08 web
