INFO: 07/18/2018 09:30:19 web
INFO: hdfs dfs -rm -r /user/hadoop/upload/data_out/12/libsvm_data_pca_0.9999
rm: `/user/hadoop/upload/data_out/12/libsvm_data_pca_0.9999': No such file or directory
INFO: PCAed hdfs file by threshold at  /home/django/myml/media/result
INFO: Invoke Spark: /home/hadoop/spark_latest/bin/spark-submit ml/pca_skLearn.py -f /user/hadoop/upload/data_out/12 -o /home/django/myml/media/result -r 13 -sp spark://master:7077 -w 1 -pm {"lib":"scikit","threshold":0.9999} -dsid 12
Picked up _JAVA_OPTIONS: -Xmx1g
Picked up _JAVA_OPTIONS: -Xmx1g
18/07/18 09:30:23 WARN NativeCodeLoader: Unable to load native-hadoop library for your platform... using builtin-java classes where applicable
INFO: zip_file_path= ./ml/pca_scikit.zip
INFO: libsvm_data_file= /user/hadoop/upload/data_out/12/libsvm_data
INFO: feature_count= 4
INFO: features_array.shape= (150, 4)
INFO: true_label_array.shape= (150,)
INFO: hash_list_all.shape= (150,)
INFO: Doing PCA... threshold= 0.9999 ,k= None
INFO: X_tr.shape= (150, 4)
INFO: sklearn_PCA_transform: n_components = 4 , threshold= 0.9999
RESULT: PCA ratio_vec= [0.87796208 0.06945716 0.03795222 0.01462854]
INFO: sklearn_PCA_transform: X_reduced.shape= (150, 4)
INFO: features_array_reduced.shape (150, 4) ,k= 4
INFO: pca model file at /home/django/myml/media/result/13/13_model/13_pca_0.9999.pkl
INFO: target local pca_libsvm_filename= /home/django/myml/media/result/12/libsvm_data_pca_4
INFO: target HDFS libsvm_data_pca= /user/hadoop/upload/data_out/12/libsvm_data_pca_0.9999
Picked up _JAVA_OPTIONS: -Xmx1g
INFO: HDFS file libsvm_data_pca_0.9999 uploaded!
INFO: PCA processing time: 7.326728
INFO: pca_param= {u'threshold': 0.9999, 'k': 4, u'lib': u'scikit'}
INFO: Upsert count for pca_param= 1
INFO: PCA done! SQL update ret= 1
INFO: running time: 7.334531
INFO: PCA done!! ret=0
INFO: 07/18/2018 09:30:34 web
