INFO: 07/18/2018 10:00:48 web
INFO: hdfs dfs -rm -r /user/hadoop/upload/data_out/15/libsvm_data_pca_0.999999
rm: `/user/hadoop/upload/data_out/15/libsvm_data_pca_0.999999': No such file or directory
INFO: PCAed hdfs file by threshold at  /home/django/myml/media/result
INFO: Invoke Spark: /home/hadoop/spark_latest/bin/spark-submit ml/pca_skLearn.py -f /user/hadoop/upload/data_out/15 -o /home/django/myml/media/result -r 16 -sp spark://master:7077 -w 1 -pm {"lib":"scikit","threshold":0.999999} -dsid 15
Picked up _JAVA_OPTIONS: -Xmx1g
Picked up _JAVA_OPTIONS: -Xmx1g
18/07/18 10:00:52 WARN NativeCodeLoader: Unable to load native-hadoop library for your platform... using builtin-java classes where applicable
INFO: zip_file_path= ./ml/pca_scikit.zip
INFO: libsvm_data_file= /user/hadoop/upload/data_out/15/libsvm_data
INFO: feature_count= 14
INFO: features_array.shape= (690, 14)
INFO: true_label_array.shape= (690,)
INFO: hash_list_all.shape= (690,)
INFO: Doing PCA... threshold= 0.999999 ,k= None
INFO: X_tr.shape= (690, 5)
INFO: sklearn_PCA_transform: n_components = 5 , threshold= 0.999999
RESULT: PCA ratio_vec= [9.98905994e-01 1.08606820e-03 5.28556318e-06 1.07688156e-06
 6.63783696e-07]
INFO: sklearn_PCA_transform: X_reduced.shape= (690, 5)
INFO: features_array_reduced.shape (690, 5) ,k= 5
INFO: pca model file at /home/django/myml/media/result/16/16_model/16_pca_0.999999.pkl
INFO: target local pca_libsvm_filename= /home/django/myml/media/result/15/libsvm_data_pca_5
INFO: target HDFS libsvm_data_pca= /user/hadoop/upload/data_out/15/libsvm_data_pca_0.999999
Picked up _JAVA_OPTIONS: -Xmx1g
INFO: HDFS file libsvm_data_pca_0.999999 uploaded!
INFO: PCA processing time: 6.930758
INFO: pca_param= {u'threshold': 0.999999, 'k': 5, u'lib': u'scikit'}
INFO: Upsert count for pca_param= 1
INFO: PCA done! SQL update ret= 1
INFO: running time: 6.938008
INFO: PCA done!! ret=0
INFO: 07/18/2018 10:01:03 web
