INFO: 06/09/2018 03:18:15 web
INFO: Invoke Spark: /home/hadoop/spark_latest/bin/spark-submit ml/train_skLearn.py -f hdfs://master:9000/user/hadoop/upload/data_out/2 -n libsvm_data -o /home/django/myml/media/result/2 -r 2 -sp spark://master:7077 -w 1 -pm {"c":"1","learning_algorithm":"linear_svm"} -sl 1 -dsid 2
Picked up _JAVA_OPTIONS: -Xmx1g
Picked up _JAVA_OPTIONS: -Xmx1g
18/06/09 03:18:16 WARN NativeCodeLoader: Unable to load native-hadoop library for your platform... using builtin-java classes where applicable
/usr/local/lib/python2.7/dist-packages/sklearn/cross_validation.py:41: DeprecationWarning: This module was deprecated in version 0.18 in favor of the model_selection module into which all the refactored classes and functions are moved. Also note that the interface of the new CV iterators are different from that of this module. This module will be removed in 0.20.
  "This module will be removed in 0.20.", DeprecationWarning)
/usr/local/lib/python2.7/dist-packages/sklearn/grid_search.py:42: DeprecationWarning: This module was deprecated in version 0.18 in favor of the model_selection module into which all the refactored classes and functions are moved. This module will be removed in 0.20.
  DeprecationWarning)
INFO: zip_file_path= ./ml/train_ngram.zip
INFO: model_data_folder= /home/django/myml/media/result/2/2_model/
INFO: excluded_feat_cslist= None
INFO: libsvm_data_file= hdfs://master:9000/user/hadoop/upload/data_out/2/libsvm_data
INFO: feature_count= 4
INFO: training sample count= 120 , testing sample count= 30 ,sample_count= 150
INFO: training label list= Counter({0.0: 43, 1.0: 39, 2.0: 38}) , testing label list= Counter({2.0: 12, 1.0: 11, 0.0: 7})
INFO: train_hash_list count= 120 , test_hash_list count= 30
setosa
versicolour
setosa
setosa
INFO: running time: 2.494657
INFO: ============ Learning Algorithm linear_svm =============
INFO: C =  1.0
INFO: ==================== 1: Linear SVM =============
INFO: model type= <class 'sklearn.svm.classes.LinearSVC'>  clf= LinearSVC(C=1.0, class_weight=None, dual=True, fit_intercept=True,
     intercept_scaling=1, loss='squared_hinge', max_iter=1000,
     multi_class='ovr', penalty='l2', random_state=None, tol=0.0001,
     verbose=0)
INFO: total feature # in the model:  4
INFO: feat_filename= /home/django/myml/media/result/2/2_feat_coef.json
INFO: save_dict id=2, key=coef_arr, rc= 1
INFO: save_dict id=2, key=coef_intercept, rc= 1
WARNING: dic_hash_str not found in mongo!
INFO: get dic_hash_str from local /home/django/myml/media/result/2/2_dic_hash_str.pkl
INFO: jfeat_coef_dict len= 4
INFO: Accuracy =  0.9
INFO: false_pred_fname= /home/django/myml/media/result/2/2_false_pred.json
WARNING: feat_sample_count_arr not found!
INFO: pred_ofname= /home/django/myml/media/result/2/2_pred_output.pkl
INFO: label_dic = {0: '0', 1: '1', 2: '2'}
INFO: Number of samples in each label is= {0: 7, 1: 11, 2: 12}
INFO: figure files:  /home/django/myml/media/result/2/2_1.png /home/django/myml/media/result/2/2_2.png
INFO: Sqlite update done! ret= 1
INFO: running time: 2.801612
INFO: Train Finished!
INFO: Invoke python: db/exec_sqlite.py -s delete from atdml_document where file_type='predict' and train_id=2
INFO: 06/09/2018 03:18:21 web
