2018-07-18 09:23:36,420 INFO  [main] namenode.SecondaryNameNode (LogAdapter.java:info(49)) - STARTUP_MSG: 
/************************************************************
STARTUP_MSG: Starting SecondaryNameNode
STARTUP_MSG:   host = slave1/172.18.0.2
STARTUP_MSG:   args = []
STARTUP_MSG:   version = 2.9.1
STARTUP_MSG:   classpath = /home/hadoop/hadoop_latest/etc/hadoop:/home/hadoop/hadoop-2.9.1/share/hadoop/common/lib/activation-1.1.jar:/home/hadoop/hadoop-2.9.1/share/hadoop/common/lib/apacheds-i18n-2.0.0-M15.jar:/home/hadoop/hadoop-2.9.1/share/hadoop/common/lib/apacheds-kerberos-codec-2.0.0-M15.jar:/home/hadoop/hadoop-2.9.1/share/hadoop/common/lib/api-asn1-api-1.0.0-M20.jar:/home/hadoop/hadoop-2.9.1/share/hadoop/common/lib/api-util-1.0.0-M20.jar:/home/hadoop/hadoop-2.9.1/share/hadoop/common/lib/asm-3.2.jar:/home/hadoop/hadoop-2.9.1/share/hadoop/common/lib/avro-1.7.7.jar:/home/hadoop/hadoop-2.9.1/share/hadoop/common/lib/commons-beanutils-1.7.0.jar:/home/hadoop/hadoop-2.9.1/share/hadoop/common/lib/commons-beanutils-core-1.8.0.jar:/home/hadoop/hadoop-2.9.1/share/hadoop/common/lib/commons-cli-1.2.jar:/home/hadoop/hadoop-2.9.1/share/hadoop/common/lib/commons-codec-1.4.jar:/home/hadoop/hadoop-2.9.1/share/hadoop/common/lib/commons-collections-3.2.2.jar:/home/hadoop/hadoop-2.9.1/share/hadoop/common/lib/commons-compress-1.4.1.jar:/home/hadoop/hadoop-2.9.1/share/hadoop/common/lib/commons-configuration-1.6.jar:/home/hadoop/hadoop-2.9.1/share/hadoop/common/lib/commons-digester-1.8.jar:/home/hadoop/hadoop-2.9.1/share/hadoop/common/lib/commons-io-2.4.jar:/home/hadoop/hadoop-2.9.1/share/hadoop/common/lib/commons-lang-2.6.jar:/home/hadoop/hadoop-2.9.1/share/hadoop/common/lib/commons-lang3-3.4.jar:/home/hadoop/hadoop-2.9.1/share/hadoop/common/lib/commons-logging-1.1.3.jar:/home/hadoop/hadoop-2.9.1/share/hadoop/common/lib/commons-math3-3.1.1.jar:/home/hadoop/hadoop-2.9.1/share/hadoop/common/lib/commons-net-3.1.jar:/home/hadoop/hadoop-2.9.1/share/hadoop/common/lib/curator-client-2.7.1.jar:/home/hadoop/hadoop-2.9.1/share/hadoop/common/lib/curator-framework-2.7.1.jar:/home/hadoop/hadoop-2.9.1/share/hadoop/common/lib/curator-recipes-2.7.1.jar:/home/hadoop/hadoop-2.9.1/share/hadoop/common/lib/gson-2.2.4.jar:/home/hadoop/hadoop-2.9.1/share/hadoop/common/lib/guava-11.0.2.jar:/home/hadoop/hadoop-2.9.1/share/hadoop/common/lib/hadoop-annotations-2.9.1.jar:/home/hadoop/hadoop-2.9.1/share/hadoop/common/lib/hadoop-auth-2.9.1.jar:/home/hadoop/hadoop-2.9.1/share/hadoop/common/lib/hamcrest-core-1.3.jar:/home/hadoop/hadoop-2.9.1/share/hadoop/common/lib/htrace-core4-4.1.0-incubating.jar:/home/hadoop/hadoop-2.9.1/share/hadoop/common/lib/httpclient-4.5.2.jar:/home/hadoop/hadoop-2.9.1/share/hadoop/common/lib/httpcore-4.4.4.jar:/home/hadoop/hadoop-2.9.1/share/hadoop/common/lib/jackson-core-asl-1.9.13.jar:/home/hadoop/hadoop-2.9.1/share/hadoop/common/lib/jackson-jaxrs-1.9.13.jar:/home/hadoop/hadoop-2.9.1/share/hadoop/common/lib/jackson-mapper-asl-1.9.13.jar:/home/hadoop/hadoop-2.9.1/share/hadoop/common/lib/jackson-xc-1.9.13.jar:/home/hadoop/hadoop-2.9.1/share/hadoop/common/lib/java-xmlbuilder-0.4.jar:/home/hadoop/hadoop-2.9.1/share/hadoop/common/lib/jaxb-api-2.2.2.jar:/home/hadoop/hadoop-2.9.1/share/hadoop/common/lib/jaxb-impl-2.2.3-1.jar:/home/hadoop/hadoop-2.9.1/share/hadoop/common/lib/jcip-annotations-1.0-1.jar:/home/hadoop/hadoop-2.9.1/share/hadoop/common/lib/jersey-core-1.9.jar:/home/hadoop/hadoop-2.9.1/share/hadoop/common/lib/jersey-json-1.9.jar:/home/hadoop/hadoop-2.9.1/share/hadoop/common/lib/jersey-server-1.9.jar:/home/hadoop/hadoop-2.9.1/share/hadoop/common/lib/jets3t-0.9.0.jar:/home/hadoop/hadoop-2.9.1/share/hadoop/common/lib/jettison-1.1.jar:/home/hadoop/hadoop-2.9.1/share/hadoop/common/lib/jetty-6.1.26.jar:/home/hadoop/hadoop-2.9.1/share/hadoop/common/lib/jetty-sslengine-6.1.26.jar:/home/hadoop/hadoop-2.9.1/share/hadoop/common/lib/jetty-util-6.1.26.jar:/home/hadoop/hadoop-2.9.1/share/hadoop/common/lib/jsch-0.1.54.jar:/home/hadoop/hadoop-2.9.1/share/hadoop/common/lib/json-smart-1.3.1.jar:/home/hadoop/hadoop-2.9.1/share/hadoop/common/lib/jsp-api-2.1.jar:/home/hadoop/hadoop-2.9.1/share/hadoop/common/lib/jsr305-3.0.0.jar:/home/hadoop/hadoop-2.9.1/share/hadoop/common/lib/junit-4.11.jar:/home/hadoop/hadoop-2.9.1/share/hadoop/common/lib/log4j-1.2.17.jar:/home/hadoop/hadoop-2.9.1/share/hadoop/common/lib/mockito-all-1.8.5.jar:/home/hadoop/hadoop-2.9.1/share/hadoop/common/lib/netty-3.6.2.Final.jar:/home/hadoop/hadoop-2.9.1/share/hadoop/common/lib/nimbus-jose-jwt-4.41.1.jar:/home/hadoop/hadoop-2.9.1/share/hadoop/common/lib/paranamer-2.3.jar:/home/hadoop/hadoop-2.9.1/share/hadoop/common/lib/protobuf-java-2.5.0.jar:/home/hadoop/hadoop-2.9.1/share/hadoop/common/lib/servlet-api-2.5.jar:/home/hadoop/hadoop-2.9.1/share/hadoop/common/lib/slf4j-api-1.7.25.jar:/home/hadoop/hadoop-2.9.1/share/hadoop/common/lib/slf4j-log4j12-1.7.25.jar:/home/hadoop/hadoop-2.9.1/share/hadoop/common/lib/snappy-java-1.0.5.jar:/home/hadoop/hadoop-2.9.1/share/hadoop/common/lib/stax-api-1.0-2.jar:/home/hadoop/hadoop-2.9.1/share/hadoop/common/lib/stax2-api-3.1.4.jar:/home/hadoop/hadoop-2.9.1/share/hadoop/common/lib/woodstox-core-5.0.3.jar:/home/hadoop/hadoop-2.9.1/share/hadoop/common/lib/xmlenc-0.52.jar:/home/hadoop/hadoop-2.9.1/share/hadoop/common/lib/xz-1.0.jar:/home/hadoop/hadoop-2.9.1/share/hadoop/common/lib/zookeeper-3.4.6.jar:/home/hadoop/hadoop-2.9.1/share/hadoop/common/hadoop-common-2.9.1-tests.jar:/home/hadoop/hadoop-2.9.1/share/hadoop/common/hadoop-common-2.9.1.jar:/home/hadoop/hadoop-2.9.1/share/hadoop/common/hadoop-nfs-2.9.1.jar:/home/hadoop/hadoop-2.9.1/share/hadoop/hdfs:/home/hadoop/hadoop-2.9.1/share/hadoop/hdfs/lib/asm-3.2.jar:/home/hadoop/hadoop-2.9.1/share/hadoop/hdfs/lib/commons-cli-1.2.jar:/home/hadoop/hadoop-2.9.1/share/hadoop/hdfs/lib/commons-codec-1.4.jar:/home/hadoop/hadoop-2.9.1/share/hadoop/hdfs/lib/commons-daemon-1.0.13.jar:/home/hadoop/hadoop-2.9.1/share/hadoop/hdfs/lib/commons-io-2.4.jar:/home/hadoop/hadoop-2.9.1/share/hadoop/hdfs/lib/commons-lang-2.6.jar:/home/hadoop/hadoop-2.9.1/share/hadoop/hdfs/lib/commons-logging-1.1.3.jar:/home/hadoop/hadoop-2.9.1/share/hadoop/hdfs/lib/guava-11.0.2.jar:/home/hadoop/hadoop-2.9.1/share/hadoop/hdfs/lib/hadoop-hdfs-client-2.9.1.jar:/home/hadoop/hadoop-2.9.1/share/hadoop/hdfs/lib/htrace-core4-4.1.0-incubating.jar:/home/hadoop/hadoop-2.9.1/share/hadoop/hdfs/lib/jackson-annotations-2.7.8.jar:/home/hadoop/hadoop-2.9.1/share/hadoop/hdfs/lib/jackson-core-2.7.8.jar:/home/hadoop/hadoop-2.9.1/share/hadoop/hdfs/lib/jackson-core-asl-1.9.13.jar:/home/hadoop/hadoop-2.9.1/share/hadoop/hdfs/lib/jackson-databind-2.7.8.jar:/home/hadoop/hadoop-2.9.1/share/hadoop/hdfs/lib/jackson-mapper-asl-1.9.13.jar:/home/hadoop/hadoop-2.9.1/share/hadoop/hdfs/lib/jersey-core-1.9.jar:/home/hadoop/hadoop-2.9.1/share/hadoop/hdfs/lib/jersey-server-1.9.jar:/home/hadoop/hadoop-2.9.1/share/hadoop/hdfs/lib/jetty-6.1.26.jar:/home/hadoop/hadoop-2.9.1/share/hadoop/hdfs/lib/jetty-util-6.1.26.jar:/home/hadoop/hadoop-2.9.1/share/hadoop/hdfs/lib/jsr305-3.0.0.jar:/home/hadoop/hadoop-2.9.1/share/hadoop/hdfs/lib/leveldbjni-all-1.8.jar:/home/hadoop/hadoop-2.9.1/share/hadoop/hdfs/lib/log4j-1.2.17.jar:/home/hadoop/hadoop-2.9.1/share/hadoop/hdfs/lib/netty-3.6.2.Final.jar:/home/hadoop/hadoop-2.9.1/share/hadoop/hdfs/lib/netty-all-4.0.23.Final.jar:/home/hadoop/hadoop-2.9.1/share/hadoop/hdfs/lib/okhttp-2.7.5.jar:/home/hadoop/hadoop-2.9.1/share/hadoop/hdfs/lib/okio-1.6.0.jar:/home/hadoop/hadoop-2.9.1/share/hadoop/hdfs/lib/protobuf-java-2.5.0.jar:/home/hadoop/hadoop-2.9.1/share/hadoop/hdfs/lib/servlet-api-2.5.jar:/home/hadoop/hadoop-2.9.1/share/hadoop/hdfs/lib/xercesImpl-2.9.1.jar:/home/hadoop/hadoop-2.9.1/share/hadoop/hdfs/lib/xml-apis-1.3.04.jar:/home/hadoop/hadoop-2.9.1/share/hadoop/hdfs/lib/xmlenc-0.52.jar:/home/hadoop/hadoop-2.9.1/share/hadoop/hdfs/hadoop-hdfs-2.9.1-tests.jar:/home/hadoop/hadoop-2.9.1/share/hadoop/hdfs/hadoop-hdfs-2.9.1.jar:/home/hadoop/hadoop-2.9.1/share/hadoop/hdfs/hadoop-hdfs-client-2.9.1-tests.jar:/home/hadoop/hadoop-2.9.1/share/hadoop/hdfs/hadoop-hdfs-client-2.9.1.jar:/home/hadoop/hadoop-2.9.1/share/hadoop/hdfs/hadoop-hdfs-native-client-2.9.1-tests.jar:/home/hadoop/hadoop-2.9.1/share/hadoop/hdfs/hadoop-hdfs-native-client-2.9.1.jar:/home/hadoop/hadoop-2.9.1/share/hadoop/hdfs/hadoop-hdfs-nfs-2.9.1.jar:/home/hadoop/hadoop-2.9.1/share/hadoop/hdfs/hadoop-hdfs-rbf-2.9.1-tests.jar:/home/hadoop/hadoop-2.9.1/share/hadoop/hdfs/hadoop-hdfs-rbf-2.9.1.jar:/home/hadoop/hadoop-2.9.1/share/hadoop/yarn:/home/hadoop/hadoop-2.9.1/share/hadoop/yarn/lib/HikariCP-java7-2.4.12.jar:/home/hadoop/hadoop-2.9.1/share/hadoop/yarn/lib/activation-1.1.jar:/home/hadoop/hadoop-2.9.1/share/hadoop/yarn/lib/aopalliance-1.0.jar:/home/hadoop/hadoop-2.9.1/share/hadoop/yarn/lib/apacheds-i18n-2.0.0-M15.jar:/home/hadoop/hadoop-2.9.1/share/hadoop/yarn/lib/apacheds-kerberos-codec-2.0.0-M15.jar:/home/hadoop/hadoop-2.9.1/share/hadoop/yarn/lib/api-asn1-api-1.0.0-M20.jar:/home/hadoop/hadoop-2.9.1/share/hadoop/yarn/lib/api-util-1.0.0-M20.jar:/home/hadoop/hadoop-2.9.1/share/hadoop/yarn/lib/asm-3.2.jar:/home/hadoop/hadoop-2.9.1/share/hadoop/yarn/lib/avro-1.7.7.jar:/home/hadoop/hadoop-2.9.1/share/hadoop/yarn/lib/commons-beanutils-1.7.0.jar:/home/hadoop/hadoop-2.9.1/share/hadoop/yarn/lib/commons-beanutils-core-1.8.0.jar:/home/hadoop/hadoop-2.9.1/share/hadoop/yarn/lib/commons-cli-1.2.jar:/home/hadoop/hadoop-2.9.1/share/hadoop/yarn/lib/commons-codec-1.4.jar:/home/hadoop/hadoop-2.9.1/share/hadoop/yarn/lib/commons-collections-3.2.2.jar:/home/hadoop/hadoop-2.9.1/share/hadoop/yarn/lib/commons-compress-1.4.1.jar:/home/hadoop/hadoop-2.9.1/share/hadoop/yarn/lib/commons-configuration-1.6.jar:/home/hadoop/hadoop-2.9.1/share/hadoop/yarn/lib/commons-digester-1.8.jar:/home/hadoop/hadoop-2.9.1/share/hadoop/yarn/lib/commons-io-2.4.jar:/home/hadoop/hadoop-2.9.1/share/hadoop/yarn/lib/commons-lang-2.6.jar:/home/hadoop/hadoop-2.9.1/share/hadoop/yarn/lib/commons-lang3-3.4.jar:/home/hadoop/hadoop-2.9.1/share/hadoop/yarn/lib/commons-logging-1.1.3.jar:/home/hadoop/hadoop-2.9.1/share/hadoop/yarn/lib/commons-math3-3.1.1.jar:/home/hadoop/hadoop-2.9.1/share/hadoop/yarn/lib/commons-net-3.1.jar:/home/hadoop/hadoop-2.9.1/share/hadoop/yarn/lib/curator-client-2.7.1.jar:/home/hadoop/hadoop-2.9.1/share/hadoop/yarn/lib/curator-framework-2.7.1.jar:/home/hadoop/hadoop-2.9.1/share/hadoop/yarn/lib/curator-recipes-2.7.1.jar:/home/hadoop/hadoop-2.9.1/share/hadoop/yarn/lib/ehcache-3.3.1.jar:/home/hadoop/hadoop-2.9.1/share/hadoop/yarn/lib/fst-2.50.jar:/home/hadoop/hadoop-2.9.1/share/hadoop/yarn/lib/geronimo-jcache_1.0_spec-1.0-alpha-1.jar:/home/hadoop/hadoop-2.9.1/share/hadoop/yarn/lib/gson-2.2.4.jar:/home/hadoop/hadoop-2.9.1/share/hadoop/yarn/lib/guava-11.0.2.jar:/home/hadoop/hadoop-2.9.1/share/hadoop/yarn/lib/guice-3.0.jar:/home/hadoop/hadoop-2.9.1/share/hadoop/yarn/lib/guice-servlet-3.0.jar:/home/hadoop/hadoop-2.9.1/share/hadoop/yarn/lib/htrace-core4-4.1.0-incubating.jar:/home/hadoop/hadoop-2.9.1/share/hadoop/yarn/lib/httpclient-4.5.2.jar:/home/hadoop/hadoop-2.9.1/share/hadoop/yarn/lib/httpcore-4.4.4.jar:/home/hadoop/hadoop-2.9.1/share/hadoop/yarn/lib/jackson-core-asl-1.9.13.jar:/home/hadoop/hadoop-2.9.1/share/hadoop/yarn/lib/jackson-jaxrs-1.9.13.jar:/home/hadoop/hadoop-2.9.1/share/hadoop/yarn/lib/jackson-mapper-asl-1.9.13.jar:/home/hadoop/hadoop-2.9.1/share/hadoop/yarn/lib/jackson-xc-1.9.13.jar:/home/hadoop/hadoop-2.9.1/share/hadoop/yarn/lib/java-util-1.9.0.jar:/home/hadoop/hadoop-2.9.1/share/hadoop/yarn/lib/java-xmlbuilder-0.4.jar:/home/hadoop/hadoop-2.9.1/share/hadoop/yarn/lib/javax.inject-1.jar:/home/hadoop/hadoop-2.9.1/share/hadoop/yarn/lib/jaxb-api-2.2.2.jar:/home/hadoop/hadoop-2.9.1/share/hadoop/yarn/lib/jaxb-impl-2.2.3-1.jar:/home/hadoop/hadoop-2.9.1/share/hadoop/yarn/lib/jcip-annotations-1.0-1.jar:/home/hadoop/hadoop-2.9.1/share/hadoop/yarn/lib/jersey-client-1.9.jar:/home/hadoop/hadoop-2.9.1/share/hadoop/yarn/lib/jersey-core-1.9.jar:/home/hadoop/hadoop-2.9.1/share/hadoop/yarn/lib/jersey-guice-1.9.jar:/home/hadoop/hadoop-2.9.1/share/hadoop/yarn/lib/jersey-json-1.9.jar:/home/hadoop/hadoop-2.9.1/share/hadoop/yarn/lib/jersey-server-1.9.jar:/home/hadoop/hadoop-2.9.1/share/hadoop/yarn/lib/jets3t-0.9.0.jar:/home/hadoop/hadoop-2.9.1/share/hadoop/yarn/lib/jettison-1.1.jar:/home/hadoop/hadoop-2.9.1/share/hadoop/yarn/lib/jetty-6.1.26.jar:/home/hadoop/hadoop-2.9.1/share/hadoop/yarn/lib/jetty-sslengine-6.1.26.jar:/home/hadoop/hadoop-2.9.1/share/hadoop/yarn/lib/jetty-util-6.1.26.jar:/home/hadoop/hadoop-2.9.1/share/hadoop/yarn/lib/jsch-0.1.54.jar:/home/hadoop/hadoop-2.9.1/share/hadoop/yarn/lib/json-io-2.5.1.jar:/home/hadoop/hadoop-2.9.1/share/hadoop/yarn/lib/json-smart-1.3.1.jar:/home/hadoop/hadoop-2.9.1/share/hadoop/yarn/lib/jsp-api-2.1.jar:/home/hadoop/hadoop-2.9.1/share/hadoop/yarn/lib/jsr305-3.0.0.jar:/home/hadoop/hadoop-2.9.1/share/hadoop/yarn/lib/leveldbjni-all-1.8.jar:/home/hadoop/hadoop-2.9.1/share/hadoop/yarn/lib/log4j-1.2.17.jar:/home/hadoop/hadoop-2.9.1/share/hadoop/yarn/lib/metrics-core-3.0.1.jar:/home/hadoop/hadoop-2.9.1/share/hadoop/yarn/lib/mssql-jdbc-6.2.1.jre7.jar:/home/hadoop/hadoop-2.9.1/share/hadoop/yarn/lib/netty-3.6.2.Final.jar:/home/hadoop/hadoop-2.9.1/share/hadoop/yarn/lib/nimbus-jose-jwt-4.41.1.jar:/home/hadoop/hadoop-2.9.1/share/hadoop/yarn/lib/paranamer-2.3.jar:/home/hadoop/hadoop-2.9.1/share/hadoop/yarn/lib/protobuf-java-2.5.0.jar:/home/hadoop/hadoop-2.9.1/share/hadoop/yarn/lib/servlet-api-2.5.jar:/home/hadoop/hadoop-2.9.1/share/hadoop/yarn/lib/snappy-java-1.0.5.jar:/home/hadoop/hadoop-2.9.1/share/hadoop/yarn/lib/stax-api-1.0-2.jar:/home/hadoop/hadoop-2.9.1/share/hadoop/yarn/lib/stax2-api-3.1.4.jar:/home/hadoop/hadoop-2.9.1/share/hadoop/yarn/lib/woodstox-core-5.0.3.jar:/home/hadoop/hadoop-2.9.1/share/hadoop/yarn/lib/xmlenc-0.52.jar:/home/hadoop/hadoop-2.9.1/share/hadoop/yarn/lib/xz-1.0.jar:/home/hadoop/hadoop-2.9.1/share/hadoop/yarn/lib/zookeeper-3.4.6.jar:/home/hadoop/hadoop-2.9.1/share/hadoop/yarn/hadoop-yarn-api-2.9.1.jar:/home/hadoop/hadoop-2.9.1/share/hadoop/yarn/hadoop-yarn-applications-distributedshell-2.9.1.jar:/home/hadoop/hadoop-2.9.1/share/hadoop/yarn/hadoop-yarn-applications-unmanaged-am-launcher-2.9.1.jar:/home/hadoop/hadoop-2.9.1/share/hadoop/yarn/hadoop-yarn-client-2.9.1.jar:/home/hadoop/hadoop-2.9.1/share/hadoop/yarn/hadoop-yarn-common-2.9.1.jar:/home/hadoop/hadoop-2.9.1/share/hadoop/yarn/hadoop-yarn-registry-2.9.1.jar:/home/hadoop/hadoop-2.9.1/share/hadoop/yarn/hadoop-yarn-server-applicationhistoryservice-2.9.1.jar:/home/hadoop/hadoop-2.9.1/share/hadoop/yarn/hadoop-yarn-server-common-2.9.1.jar:/home/hadoop/hadoop-2.9.1/share/hadoop/yarn/hadoop-yarn-server-nodemanager-2.9.1.jar:/home/hadoop/hadoop-2.9.1/share/hadoop/yarn/hadoop-yarn-server-resourcemanager-2.9.1.jar:/home/hadoop/hadoop-2.9.1/share/hadoop/yarn/hadoop-yarn-server-router-2.9.1.jar:/home/hadoop/hadoop-2.9.1/share/hadoop/yarn/hadoop-yarn-server-sharedcachemanager-2.9.1.jar:/home/hadoop/hadoop-2.9.1/share/hadoop/yarn/hadoop-yarn-server-tests-2.9.1.jar:/home/hadoop/hadoop-2.9.1/share/hadoop/yarn/hadoop-yarn-server-timeline-pluginstorage-2.9.1.jar:/home/hadoop/hadoop-2.9.1/share/hadoop/yarn/hadoop-yarn-server-web-proxy-2.9.1.jar:/home/hadoop/hadoop-2.9.1/share/hadoop/mapreduce/lib/aopalliance-1.0.jar:/home/hadoop/hadoop-2.9.1/share/hadoop/mapreduce/lib/asm-3.2.jar:/home/hadoop/hadoop-2.9.1/share/hadoop/mapreduce/lib/avro-1.7.7.jar:/home/hadoop/hadoop-2.9.1/share/hadoop/mapreduce/lib/commons-compress-1.4.1.jar:/home/hadoop/hadoop-2.9.1/share/hadoop/mapreduce/lib/commons-io-2.4.jar:/home/hadoop/hadoop-2.9.1/share/hadoop/mapreduce/lib/guice-3.0.jar:/home/hadoop/hadoop-2.9.1/share/hadoop/mapreduce/lib/guice-servlet-3.0.jar:/home/hadoop/hadoop-2.9.1/share/hadoop/mapreduce/lib/hadoop-annotations-2.9.1.jar:/home/hadoop/hadoop-2.9.1/share/hadoop/mapreduce/lib/hamcrest-core-1.3.jar:/home/hadoop/hadoop-2.9.1/share/hadoop/mapreduce/lib/jackson-core-asl-1.9.13.jar:/home/hadoop/hadoop-2.9.1/share/hadoop/mapreduce/lib/jackson-mapper-asl-1.9.13.jar:/home/hadoop/hadoop-2.9.1/share/hadoop/mapreduce/lib/javax.inject-1.jar:/home/hadoop/hadoop-2.9.1/share/hadoop/mapreduce/lib/jersey-core-1.9.jar:/home/hadoop/hadoop-2.9.1/share/hadoop/mapreduce/lib/jersey-guice-1.9.jar:/home/hadoop/hadoop-2.9.1/share/hadoop/mapreduce/lib/jersey-server-1.9.jar:/home/hadoop/hadoop-2.9.1/share/hadoop/mapreduce/lib/junit-4.11.jar:/home/hadoop/hadoop-2.9.1/share/hadoop/mapreduce/lib/leveldbjni-all-1.8.jar:/home/hadoop/hadoop-2.9.1/share/hadoop/mapreduce/lib/log4j-1.2.17.jar:/home/hadoop/hadoop-2.9.1/share/hadoop/mapreduce/lib/netty-3.6.2.Final.jar:/home/hadoop/hadoop-2.9.1/share/hadoop/mapreduce/lib/paranamer-2.3.jar:/home/hadoop/hadoop-2.9.1/share/hadoop/mapreduce/lib/protobuf-java-2.5.0.jar:/home/hadoop/hadoop-2.9.1/share/hadoop/mapreduce/lib/snappy-java-1.0.5.jar:/home/hadoop/hadoop-2.9.1/share/hadoop/mapreduce/lib/xz-1.0.jar:/home/hadoop/hadoop-2.9.1/share/hadoop/mapreduce/hadoop-mapreduce-client-app-2.9.1.jar:/home/hadoop/hadoop-2.9.1/share/hadoop/mapreduce/hadoop-mapreduce-client-common-2.9.1.jar:/home/hadoop/hadoop-2.9.1/share/hadoop/mapreduce/hadoop-mapreduce-client-core-2.9.1.jar:/home/hadoop/hadoop-2.9.1/share/hadoop/mapreduce/hadoop-mapreduce-client-hs-2.9.1.jar:/home/hadoop/hadoop-2.9.1/share/hadoop/mapreduce/hadoop-mapreduce-client-hs-plugins-2.9.1.jar:/home/hadoop/hadoop-2.9.1/share/hadoop/mapreduce/hadoop-mapreduce-client-jobclient-2.9.1-tests.jar:/home/hadoop/hadoop-2.9.1/share/hadoop/mapreduce/hadoop-mapreduce-client-jobclient-2.9.1.jar:/home/hadoop/hadoop-2.9.1/share/hadoop/mapreduce/hadoop-mapreduce-client-shuffle-2.9.1.jar:/home/hadoop/hadoop-2.9.1/share/hadoop/mapreduce/hadoop-mapreduce-examples-2.9.1.jar:/contrib/capacity-scheduler/*.jar:/contrib/capacity-scheduler/*.jar:/contrib/capacity-scheduler/*.jar
STARTUP_MSG:   build = https://github.com/apache/hadoop.git -r e30710aea4e6e55e69372929106cf119af06fd0e; compiled by 'root' on 2018-04-16T09:33Z
STARTUP_MSG:   java = 1.8.0_171
************************************************************/
2018-07-18 09:23:36,430 INFO  [main] namenode.SecondaryNameNode (LogAdapter.java:info(49)) - registered UNIX signal handlers for [TERM, HUP, INT]
2018-07-18 09:23:36,900 WARN  [main] impl.MetricsConfig (MetricsConfig.java:loadFirst(128)) - Cannot locate configuration: tried hadoop-metrics2-secondarynamenode.properties,hadoop-metrics2.properties
2018-07-18 09:23:36,978 INFO  [main] impl.MetricsSystemImpl (MetricsSystemImpl.java:startTimer(374)) - Scheduled Metric snapshot period at 10 second(s).
2018-07-18 09:23:36,979 INFO  [main] impl.MetricsSystemImpl (MetricsSystemImpl.java:start(191)) - SecondaryNameNode metrics system started
2018-07-18 09:23:37,214 INFO  [main] namenode.FSEditLog (FSEditLog.java:newInstance(225)) - Edit logging is async:true
2018-07-18 09:23:37,235 INFO  [main] common.Storage (Storage.java:tryLock(792)) - Lock on /tmp/hadoop-hadoop/dfs/namesecondary/in_use.lock acquired by nodename 191@slave1
2018-07-18 09:23:37,246 INFO  [main] namenode.FSNamesystem (FSNamesystem.java:<init>(716)) - KeyProvider: null
2018-07-18 09:23:37,247 INFO  [main] namenode.FSNamesystem (FSNamesystemLock.java:<init>(120)) - fsLock is fair: true
2018-07-18 09:23:37,249 INFO  [main] namenode.FSNamesystem (FSNamesystemLock.java:<init>(136)) - Detailed lock hold time metrics enabled: false
2018-07-18 09:23:37,250 INFO  [main] namenode.FSNamesystem (FSNamesystem.java:<init>(737)) - fsOwner             = hadoop (auth:SIMPLE)
2018-07-18 09:23:37,250 INFO  [main] namenode.FSNamesystem (FSNamesystem.java:<init>(738)) - supergroup          = supergroup
2018-07-18 09:23:37,250 INFO  [main] namenode.FSNamesystem (FSNamesystem.java:<init>(739)) - isPermissionEnabled = true
2018-07-18 09:23:37,250 INFO  [main] namenode.FSNamesystem (FSNamesystem.java:<init>(750)) - HA Enabled: false
2018-07-18 09:23:37,283 INFO  [main] common.Util (Util.java:isDiskStatsEnabled(111)) - dfs.datanode.fileio.profiling.sampling.percentage set to 0. Disabling file IO profiling
2018-07-18 09:23:37,305 INFO  [main] blockmanagement.DatanodeManager (DatanodeManager.java:<init>(297)) - dfs.block.invalidate.limit: configured=1000, counted=60, effected=1000
2018-07-18 09:23:37,307 INFO  [main] blockmanagement.DatanodeManager (DatanodeManager.java:<init>(305)) - dfs.namenode.datanode.registration.ip-hostname-check=true
2018-07-18 09:23:37,311 INFO  [main] blockmanagement.BlockManager (InvalidateBlocks.java:printBlockDeletionTime(73)) - dfs.namenode.startup.delay.block.deletion.sec is set to 000:00:00:00.000
2018-07-18 09:23:37,311 INFO  [main] blockmanagement.BlockManager (InvalidateBlocks.java:printBlockDeletionTime(78)) - The block deletion will start around 2018 Jul 18 09:23:37
2018-07-18 09:23:37,314 INFO  [main] util.GSet (LightWeightGSet.java:computeCapacity(395)) - Computing capacity for map BlocksMap
2018-07-18 09:23:37,314 INFO  [main] util.GSet (LightWeightGSet.java:computeCapacity(396)) - VM type       = 64-bit
2018-07-18 09:23:37,316 INFO  [main] util.GSet (LightWeightGSet.java:computeCapacity(397)) - 2.0% max memory 889 MB = 17.8 MB
2018-07-18 09:23:37,316 INFO  [main] util.GSet (LightWeightGSet.java:computeCapacity(402)) - capacity      = 2^21 = 2097152 entries
2018-07-18 09:23:37,330 INFO  [main] blockmanagement.BlockManager (BlockManager.java:createBlockTokenSecretManager(479)) - dfs.block.access.token.enable=false
2018-07-18 09:23:37,330 WARN  [main] conf.Configuration (Configuration.java:getTimeDurationHelper(1701)) - No unit for dfs.heartbeat.interval(3) assuming SECONDS
2018-07-18 09:23:37,334 WARN  [main] conf.Configuration (Configuration.java:getTimeDurationHelper(1701)) - No unit for dfs.namenode.safemode.extension(30000) assuming MILLISECONDS
2018-07-18 09:23:37,337 INFO  [main] blockmanagement.BlockManagerSafeMode (BlockManagerSafeMode.java:<init>(158)) - dfs.namenode.safemode.threshold-pct = 0.9990000128746033
2018-07-18 09:23:37,337 INFO  [main] blockmanagement.BlockManagerSafeMode (BlockManagerSafeMode.java:<init>(159)) - dfs.namenode.safemode.min.datanodes = 0
2018-07-18 09:23:37,337 INFO  [main] blockmanagement.BlockManagerSafeMode (BlockManagerSafeMode.java:<init>(161)) - dfs.namenode.safemode.extension = 30000
2018-07-18 09:23:37,337 INFO  [main] blockmanagement.BlockManager (BlockManager.java:<init>(465)) - defaultReplication         = 1
2018-07-18 09:23:37,337 INFO  [main] blockmanagement.BlockManager (BlockManager.java:<init>(466)) - maxReplication             = 512
2018-07-18 09:23:37,337 INFO  [main] blockmanagement.BlockManager (BlockManager.java:<init>(467)) - minReplication             = 1
2018-07-18 09:23:37,337 INFO  [main] blockmanagement.BlockManager (BlockManager.java:<init>(468)) - maxReplicationStreams      = 2
2018-07-18 09:23:37,337 INFO  [main] blockmanagement.BlockManager (BlockManager.java:<init>(469)) - replicationRecheckInterval = 3000
2018-07-18 09:23:37,338 INFO  [main] blockmanagement.BlockManager (BlockManager.java:<init>(470)) - encryptDataTransfer        = false
2018-07-18 09:23:37,338 INFO  [main] blockmanagement.BlockManager (BlockManager.java:<init>(471)) - maxNumBlocksToLog          = 1000
2018-07-18 09:23:37,340 INFO  [main] namenode.FSNamesystem (FSNamesystem.java:<init>(797)) - Append Enabled: true
2018-07-18 09:23:37,416 INFO  [main] util.GSet (LightWeightGSet.java:computeCapacity(395)) - Computing capacity for map INodeMap
2018-07-18 09:23:37,416 INFO  [main] util.GSet (LightWeightGSet.java:computeCapacity(396)) - VM type       = 64-bit
2018-07-18 09:23:37,417 INFO  [main] util.GSet (LightWeightGSet.java:computeCapacity(397)) - 1.0% max memory 889 MB = 8.9 MB
2018-07-18 09:23:37,417 INFO  [main] util.GSet (LightWeightGSet.java:computeCapacity(402)) - capacity      = 2^20 = 1048576 entries
2018-07-18 09:23:37,417 INFO  [main] namenode.FSDirectory (FSDirectory.java:<init>(273)) - ACLs enabled? false
2018-07-18 09:23:37,417 INFO  [main] namenode.FSDirectory (FSDirectory.java:<init>(277)) - XAttrs enabled? true
2018-07-18 09:23:37,418 INFO  [main] namenode.NameNode (FSDirectory.java:<init>(341)) - Caching file names occurring more than 10 times
2018-07-18 09:23:37,421 INFO  [main] snapshot.SnapshotManager (SnapshotManager.java:<init>(103)) - Loaded config captureOpenFiles: falseskipCaptureAccessTimeOnlyChange: false
2018-07-18 09:23:37,425 INFO  [main] util.GSet (LightWeightGSet.java:computeCapacity(395)) - Computing capacity for map cachedBlocks
2018-07-18 09:23:37,425 INFO  [main] util.GSet (LightWeightGSet.java:computeCapacity(396)) - VM type       = 64-bit
2018-07-18 09:23:37,426 INFO  [main] util.GSet (LightWeightGSet.java:computeCapacity(397)) - 0.25% max memory 889 MB = 2.2 MB
2018-07-18 09:23:37,426 INFO  [main] util.GSet (LightWeightGSet.java:computeCapacity(402)) - capacity      = 2^18 = 262144 entries
2018-07-18 09:23:37,430 INFO  [main] metrics.TopMetrics (TopMetrics.java:logConf(76)) - NNTop conf: dfs.namenode.top.window.num.buckets = 10
2018-07-18 09:23:37,430 INFO  [main] metrics.TopMetrics (TopMetrics.java:logConf(78)) - NNTop conf: dfs.namenode.top.num.users = 10
2018-07-18 09:23:37,430 INFO  [main] metrics.TopMetrics (TopMetrics.java:logConf(80)) - NNTop conf: dfs.namenode.top.windows.minutes = 1,5,25
2018-07-18 09:23:37,446 INFO  [main] namenode.SecondaryNameNode (SecondaryNameNode.java:initialize(261)) - Checkpoint Period   :3600 secs (60 min)
2018-07-18 09:23:37,447 INFO  [main] namenode.SecondaryNameNode (SecondaryNameNode.java:initialize(263)) - Log Size Trigger    :1000000 txns
2018-07-18 09:23:37,459 INFO  [main] hdfs.DFSUtil (DFSUtil.java:httpServerTemplateForNNAndJN(1515)) - Starting Web-server for secondary at: http://slave1:50090
2018-07-18 09:23:37,548 INFO  [main] mortbay.log (Slf4jLog.java:info(67)) - Logging to org.slf4j.impl.Log4jLoggerAdapter(org.mortbay.log) via org.mortbay.log.Slf4jLog
2018-07-18 09:23:37,563 INFO  [main] server.AuthenticationFilter (AuthenticationFilter.java:constructSecretProvider(240)) - Unable to initialize FileSignerSecretProvider, falling back to use random secrets.
2018-07-18 09:23:37,589 INFO  [main] http.HttpRequestLog (HttpRequestLog.java:getRequestLog(81)) - Http request log for http.requests.secondary is not defined
2018-07-18 09:23:37,600 INFO  [main] http.HttpServer2 (HttpServer2.java:addGlobalFilter(805)) - Added global filter 'safety' (class=org.apache.hadoop.http.HttpServer2$QuotingInputFilter)
2018-07-18 09:23:37,606 INFO  [main] http.HttpServer2 (HttpServer2.java:addFilter(780)) - Added filter static_user_filter (class=org.apache.hadoop.http.lib.StaticUserWebFilter$StaticUserFilter) to context secondary
2018-07-18 09:23:37,606 INFO  [main] http.HttpServer2 (HttpServer2.java:addFilter(788)) - Added filter static_user_filter (class=org.apache.hadoop.http.lib.StaticUserWebFilter$StaticUserFilter) to context static
2018-07-18 09:23:37,606 INFO  [main] http.HttpServer2 (HttpServer2.java:addFilter(788)) - Added filter static_user_filter (class=org.apache.hadoop.http.lib.StaticUserWebFilter$StaticUserFilter) to context logs
2018-07-18 09:23:37,636 INFO  [main] http.HttpServer2 (HttpServer2.java:bindListener(1003)) - Jetty bound to port 50090
2018-07-18 09:23:37,636 INFO  [main] mortbay.log (Slf4jLog.java:info(67)) - jetty-6.1.26
2018-07-18 09:23:37,942 INFO  [main] mortbay.log (Slf4jLog.java:info(67)) - Started HttpServer2$SelectChannelConnectorWithSafeStartup@slave1:50090
2018-07-18 09:23:37,942 INFO  [main] namenode.SecondaryNameNode (SecondaryNameNode.java:startInfoServer(500)) - Web server init done
2018-07-18 09:24:38,081 INFO  [SecondaryNameNode Status
Name Node Address      : master/172.18.0.3:9000
Start Time             : Wed Jul 18 09:23:36 GMT 2018
Last Checkpoint        : -- (417875 seconds ago)
Checkpoint Period      : 3600 seconds
Checkpoint Transactions: 1000000
Checkpoint Dirs        : [file:///tmp/hadoop-hadoop/dfs/namesecondary]
Checkpoint Edits Dirs  : [file:///tmp/hadoop-hadoop/dfs/namesecondary]] namenode.SecondaryNameNode (SecondaryNameNode.java:run(421)) - Image has changed. Downloading updated image from NN.
2018-07-18 09:24:38,300 INFO  [SecondaryNameNode Status
Name Node Address      : master/172.18.0.3:9000
Start Time             : Wed Jul 18 09:23:36 GMT 2018
Last Checkpoint        : -- (417875 seconds ago)
Checkpoint Period      : 3600 seconds
Checkpoint Transactions: 1000000
Checkpoint Dirs        : [file:///tmp/hadoop-hadoop/dfs/namesecondary]
Checkpoint Edits Dirs  : [file:///tmp/hadoop-hadoop/dfs/namesecondary]] namenode.TransferFsImage (TransferFsImage.java:getFileClient(417)) - Opening connection to http://master:50070/imagetransfer?getimage=1&txid=304&storageInfo=-63:1825193457:1528503999525:CID-a22712bb-353f-4d34-8c7b-3757042d6470&bootstrapstandby=false
2018-07-18 09:24:38,325 INFO  [SecondaryNameNode Status
Name Node Address      : master/172.18.0.3:9000
Start Time             : Wed Jul 18 09:23:36 GMT 2018
Last Checkpoint        : -- (417875 seconds ago)
Checkpoint Period      : 3600 seconds
Checkpoint Transactions: 1000000
Checkpoint Dirs        : [file:///tmp/hadoop-hadoop/dfs/namesecondary]
Checkpoint Edits Dirs  : [file:///tmp/hadoop-hadoop/dfs/namesecondary]] namenode.TransferFsImage (TransferFsImage.java:setTimeout(464)) - Image Transfer timeout configured to 60000 milliseconds
2018-07-18 09:24:38,540 INFO  [SecondaryNameNode Status
Name Node Address      : master/172.18.0.3:9000
Start Time             : Wed Jul 18 09:23:36 GMT 2018
Last Checkpoint        : -- (417875 seconds ago)
Checkpoint Period      : 3600 seconds
Checkpoint Transactions: 1000000
Checkpoint Dirs        : [file:///tmp/hadoop-hadoop/dfs/namesecondary]
Checkpoint Edits Dirs  : [file:///tmp/hadoop-hadoop/dfs/namesecondary]] namenode.TransferFsImage (TransferFsImage.java:receiveFile(595)) - Combined time for fsimage download and fsync to all disks took 0.00s. The fsimage download took 0.00s at 1000.00 KB/s. Synchronous (fsync) write to disk of /tmp/hadoop-hadoop/dfs/namesecondary/current/fsimage.ckpt_0000000000000000304 took 0.00s.
2018-07-18 09:24:38,540 INFO  [SecondaryNameNode Status
Name Node Address      : master/172.18.0.3:9000
Start Time             : Wed Jul 18 09:23:36 GMT 2018
Last Checkpoint        : -- (417875 seconds ago)
Checkpoint Period      : 3600 seconds
Checkpoint Transactions: 1000000
Checkpoint Dirs        : [file:///tmp/hadoop-hadoop/dfs/namesecondary]
Checkpoint Edits Dirs  : [file:///tmp/hadoop-hadoop/dfs/namesecondary]] namenode.TransferFsImage (TransferFsImage.java:downloadImageToStorage(119)) - Downloaded file fsimage.ckpt_0000000000000000304 size 2654 bytes.
2018-07-18 09:24:38,553 INFO  [SecondaryNameNode Status
Name Node Address      : master/172.18.0.3:9000
Start Time             : Wed Jul 18 09:23:36 GMT 2018
Last Checkpoint        : -- (417875 seconds ago)
Checkpoint Period      : 3600 seconds
Checkpoint Transactions: 1000000
Checkpoint Dirs        : [file:///tmp/hadoop-hadoop/dfs/namesecondary]
Checkpoint Edits Dirs  : [file:///tmp/hadoop-hadoop/dfs/namesecondary]] namenode.TransferFsImage (TransferFsImage.java:getFileClient(417)) - Opening connection to http://master:50070/imagetransfer?getedit=1&startTxId=305&endTxId=323&storageInfo=-63:1825193457:1528503999525:CID-a22712bb-353f-4d34-8c7b-3757042d6470
2018-07-18 09:24:38,576 INFO  [SecondaryNameNode Status
Name Node Address      : master/172.18.0.3:9000
Start Time             : Wed Jul 18 09:23:36 GMT 2018
Last Checkpoint        : -- (417875 seconds ago)
Checkpoint Period      : 3600 seconds
Checkpoint Transactions: 1000000
Checkpoint Dirs        : [file:///tmp/hadoop-hadoop/dfs/namesecondary]
Checkpoint Edits Dirs  : [file:///tmp/hadoop-hadoop/dfs/namesecondary]] namenode.TransferFsImage (TransferFsImage.java:receiveFile(595)) - Combined time for fsimage download and fsync to all disks took 0.01s. The fsimage download took 0.01s at 85333.33 KB/s. Synchronous (fsync) write to disk of /tmp/hadoop-hadoop/dfs/namesecondary/current/edits_tmp_0000000000000000305-0000000000000000323_0000000000417935863 took 0.00s.
2018-07-18 09:24:38,576 INFO  [SecondaryNameNode Status
Name Node Address      : master/172.18.0.3:9000
Start Time             : Wed Jul 18 09:23:36 GMT 2018
Last Checkpoint        : -- (417875 seconds ago)
Checkpoint Period      : 3600 seconds
Checkpoint Transactions: 1000000
Checkpoint Dirs        : [file:///tmp/hadoop-hadoop/dfs/namesecondary]
Checkpoint Edits Dirs  : [file:///tmp/hadoop-hadoop/dfs/namesecondary]] namenode.TransferFsImage (TransferFsImage.java:downloadEditsToStorage(172)) - Downloaded file edits_tmp_0000000000000000305-0000000000000000323_0000000000417935863 size 0 bytes.
2018-07-18 09:24:38,577 INFO  [SecondaryNameNode Status
Name Node Address      : master/172.18.0.3:9000
Start Time             : Wed Jul 18 09:23:36 GMT 2018
Last Checkpoint        : -- (417875 seconds ago)
Checkpoint Period      : 3600 seconds
Checkpoint Transactions: 1000000
Checkpoint Dirs        : [file:///tmp/hadoop-hadoop/dfs/namesecondary]
Checkpoint Edits Dirs  : [file:///tmp/hadoop-hadoop/dfs/namesecondary]] namenode.TransferFsImage (TransferFsImage.java:getFileClient(417)) - Opening connection to http://master:50070/imagetransfer?getedit=1&startTxId=324&endTxId=325&storageInfo=-63:1825193457:1528503999525:CID-a22712bb-353f-4d34-8c7b-3757042d6470
2018-07-18 09:24:38,584 INFO  [SecondaryNameNode Status
Name Node Address      : master/172.18.0.3:9000
Start Time             : Wed Jul 18 09:23:36 GMT 2018
Last Checkpoint        : -- (417875 seconds ago)
Checkpoint Period      : 3600 seconds
Checkpoint Transactions: 1000000
Checkpoint Dirs        : [file:///tmp/hadoop-hadoop/dfs/namesecondary]
Checkpoint Edits Dirs  : [file:///tmp/hadoop-hadoop/dfs/namesecondary]] namenode.TransferFsImage (TransferFsImage.java:receiveFile(595)) - Combined time for fsimage download and fsync to all disks took 0.00s. The fsimage download took 0.00s at 0.00 KB/s. Synchronous (fsync) write to disk of /tmp/hadoop-hadoop/dfs/namesecondary/current/edits_tmp_0000000000000000324-0000000000000000325_0000000000417935887 took 0.00s.
2018-07-18 09:24:38,585 INFO  [SecondaryNameNode Status
Name Node Address      : master/172.18.0.3:9000
Start Time             : Wed Jul 18 09:23:36 GMT 2018
Last Checkpoint        : -- (417875 seconds ago)
Checkpoint Period      : 3600 seconds
Checkpoint Transactions: 1000000
Checkpoint Dirs        : [file:///tmp/hadoop-hadoop/dfs/namesecondary]
Checkpoint Edits Dirs  : [file:///tmp/hadoop-hadoop/dfs/namesecondary]] namenode.TransferFsImage (TransferFsImage.java:downloadEditsToStorage(172)) - Downloaded file edits_tmp_0000000000000000324-0000000000000000325_0000000000417935887 size 0 bytes.
2018-07-18 09:24:38,653 INFO  [SecondaryNameNode Status
Name Node Address      : master/172.18.0.3:9000
Start Time             : Wed Jul 18 09:23:36 GMT 2018
Last Checkpoint        : -- (417875 seconds ago)
Checkpoint Period      : 3600 seconds
Checkpoint Transactions: 1000000
Checkpoint Dirs        : [file:///tmp/hadoop-hadoop/dfs/namesecondary]
Checkpoint Edits Dirs  : [file:///tmp/hadoop-hadoop/dfs/namesecondary]] namenode.FSImageFormatPBINode (FSImageFormatPBINode.java:loadINodeSection(262)) - Loading 34 INodes.
2018-07-18 09:24:38,694 INFO  [SecondaryNameNode Status
Name Node Address      : master/172.18.0.3:9000
Start Time             : Wed Jul 18 09:23:36 GMT 2018
Last Checkpoint        : -- (417875 seconds ago)
Checkpoint Period      : 3600 seconds
Checkpoint Transactions: 1000000
Checkpoint Dirs        : [file:///tmp/hadoop-hadoop/dfs/namesecondary]
Checkpoint Edits Dirs  : [file:///tmp/hadoop-hadoop/dfs/namesecondary]] namenode.FSImageFormatProtobuf (FSImageFormatProtobuf.java:load(185)) - Loaded FSImage in 0 seconds.
2018-07-18 09:24:38,694 INFO  [SecondaryNameNode Status
Name Node Address      : master/172.18.0.3:9000
Start Time             : Wed Jul 18 09:23:36 GMT 2018
Last Checkpoint        : -- (417875 seconds ago)
Checkpoint Period      : 3600 seconds
Checkpoint Transactions: 1000000
Checkpoint Dirs        : [file:///tmp/hadoop-hadoop/dfs/namesecondary]
Checkpoint Edits Dirs  : [file:///tmp/hadoop-hadoop/dfs/namesecondary]] namenode.FSImage (FSImage.java:loadFSImage(950)) - Loaded image for txid 304 from /tmp/hadoop-hadoop/dfs/namesecondary/current/fsimage_0000000000000000304
2018-07-18 09:24:38,694 INFO  [SecondaryNameNode Status
Name Node Address      : master/172.18.0.3:9000
Start Time             : Wed Jul 18 09:23:36 GMT 2018
Last Checkpoint        : -- (417875 seconds ago)
Checkpoint Period      : 3600 seconds
Checkpoint Transactions: 1000000
Checkpoint Dirs        : [file:///tmp/hadoop-hadoop/dfs/namesecondary]
Checkpoint Edits Dirs  : [file:///tmp/hadoop-hadoop/dfs/namesecondary]] namenode.NameCache (NameCache.java:initialized(143)) - initialized with 0 entries 0 lookups
2018-07-18 09:24:38,699 INFO  [SecondaryNameNode Status
Name Node Address      : master/172.18.0.3:9000
Start Time             : Wed Jul 18 09:23:36 GMT 2018
Last Checkpoint        : -- (417875 seconds ago)
Checkpoint Period      : 3600 seconds
Checkpoint Transactions: 1000000
Checkpoint Dirs        : [file:///tmp/hadoop-hadoop/dfs/namesecondary]
Checkpoint Edits Dirs  : [file:///tmp/hadoop-hadoop/dfs/namesecondary]] namenode.Checkpointer (Checkpointer.java:rollForwardByApplyingLogs(314)) - Checkpointer about to load edits from 2 stream(s).
2018-07-18 09:24:38,703 INFO  [SecondaryNameNode Status
Name Node Address      : master/172.18.0.3:9000
Start Time             : Wed Jul 18 09:23:36 GMT 2018
Last Checkpoint        : -- (417875 seconds ago)
Checkpoint Period      : 3600 seconds
Checkpoint Transactions: 1000000
Checkpoint Dirs        : [file:///tmp/hadoop-hadoop/dfs/namesecondary]
Checkpoint Edits Dirs  : [file:///tmp/hadoop-hadoop/dfs/namesecondary]] namenode.FSImage (FSImage.java:loadEdits(888)) - Reading /tmp/hadoop-hadoop/dfs/namesecondary/current/edits_0000000000000000305-0000000000000000323 expecting start txid #305
2018-07-18 09:24:38,703 INFO  [SecondaryNameNode Status
Name Node Address      : master/172.18.0.3:9000
Start Time             : Wed Jul 18 09:23:36 GMT 2018
Last Checkpoint        : -- (417875 seconds ago)
Checkpoint Period      : 3600 seconds
Checkpoint Transactions: 1000000
Checkpoint Dirs        : [file:///tmp/hadoop-hadoop/dfs/namesecondary]
Checkpoint Edits Dirs  : [file:///tmp/hadoop-hadoop/dfs/namesecondary]] namenode.FSImage (FSEditLogLoader.java:loadFSEdits(145)) - Start loading edits file /tmp/hadoop-hadoop/dfs/namesecondary/current/edits_0000000000000000305-0000000000000000323
2018-07-18 09:24:38,755 INFO  [SecondaryNameNode Status
Name Node Address      : master/172.18.0.3:9000
Start Time             : Wed Jul 18 09:23:36 GMT 2018
Last Checkpoint        : -- (417875 seconds ago)
Checkpoint Period      : 3600 seconds
Checkpoint Transactions: 1000000
Checkpoint Dirs        : [file:///tmp/hadoop-hadoop/dfs/namesecondary]
Checkpoint Edits Dirs  : [file:///tmp/hadoop-hadoop/dfs/namesecondary]] namenode.FSImage (FSEditLogLoader.java:loadFSEdits(148)) - Edits file /tmp/hadoop-hadoop/dfs/namesecondary/current/edits_0000000000000000305-0000000000000000323 of size 1048576 edits # 19 loaded in 0 seconds
2018-07-18 09:24:38,755 INFO  [SecondaryNameNode Status
Name Node Address      : master/172.18.0.3:9000
Start Time             : Wed Jul 18 09:23:36 GMT 2018
Last Checkpoint        : -- (417875 seconds ago)
Checkpoint Period      : 3600 seconds
Checkpoint Transactions: 1000000
Checkpoint Dirs        : [file:///tmp/hadoop-hadoop/dfs/namesecondary]
Checkpoint Edits Dirs  : [file:///tmp/hadoop-hadoop/dfs/namesecondary]] namenode.FSImage (FSImage.java:loadEdits(888)) - Reading /tmp/hadoop-hadoop/dfs/namesecondary/current/edits_0000000000000000324-0000000000000000325 expecting start txid #324
2018-07-18 09:24:38,755 INFO  [SecondaryNameNode Status
Name Node Address      : master/172.18.0.3:9000
Start Time             : Wed Jul 18 09:23:36 GMT 2018
Last Checkpoint        : -- (417875 seconds ago)
Checkpoint Period      : 3600 seconds
Checkpoint Transactions: 1000000
Checkpoint Dirs        : [file:///tmp/hadoop-hadoop/dfs/namesecondary]
Checkpoint Edits Dirs  : [file:///tmp/hadoop-hadoop/dfs/namesecondary]] namenode.FSImage (FSEditLogLoader.java:loadFSEdits(145)) - Start loading edits file /tmp/hadoop-hadoop/dfs/namesecondary/current/edits_0000000000000000324-0000000000000000325
2018-07-18 09:24:38,756 INFO  [SecondaryNameNode Status
Name Node Address      : master/172.18.0.3:9000
Start Time             : Wed Jul 18 09:23:36 GMT 2018
Last Checkpoint        : -- (417875 seconds ago)
Checkpoint Period      : 3600 seconds
Checkpoint Transactions: 1000000
Checkpoint Dirs        : [file:///tmp/hadoop-hadoop/dfs/namesecondary]
Checkpoint Edits Dirs  : [file:///tmp/hadoop-hadoop/dfs/namesecondary]] namenode.FSImage (FSEditLogLoader.java:loadFSEdits(148)) - Edits file /tmp/hadoop-hadoop/dfs/namesecondary/current/edits_0000000000000000324-0000000000000000325 of size 42 edits # 2 loaded in 0 seconds
2018-07-18 09:24:38,762 INFO  [FSImageSaver for /tmp/hadoop-hadoop/dfs/namesecondary of type IMAGE_AND_EDITS] namenode.FSImageFormatProtobuf (FSImageFormatProtobuf.java:save(429)) - Saving image file /tmp/hadoop-hadoop/dfs/namesecondary/current/fsimage.ckpt_0000000000000000325 using no compression
2018-07-18 09:24:38,793 INFO  [FSImageSaver for /tmp/hadoop-hadoop/dfs/namesecondary of type IMAGE_AND_EDITS] namenode.FSImageFormatProtobuf (FSImageFormatProtobuf.java:save(433)) - Image file /tmp/hadoop-hadoop/dfs/namesecondary/current/fsimage.ckpt_0000000000000000325 of size 720 bytes saved in 0 seconds .
2018-07-18 09:24:38,797 INFO  [SecondaryNameNode Status
Name Node Address      : master/172.18.0.3:9000
Start Time             : Wed Jul 18 09:23:36 GMT 2018
Last Checkpoint        : -- (417875 seconds ago)
Checkpoint Period      : 3600 seconds
Checkpoint Transactions: 1000000
Checkpoint Dirs        : [file:///tmp/hadoop-hadoop/dfs/namesecondary]
Checkpoint Edits Dirs  : [file:///tmp/hadoop-hadoop/dfs/namesecondary]] namenode.FSImageTransactionalStorageInspector (FSImageTransactionalStorageInspector.java:inspectDirectory(85)) - No version file in /tmp/hadoop-hadoop/dfs/namesecondary
2018-07-18 09:24:38,804 INFO  [SecondaryNameNode Status
Name Node Address      : master/172.18.0.3:9000
Start Time             : Wed Jul 18 09:23:36 GMT 2018
Last Checkpoint        : -- (417875 seconds ago)
Checkpoint Period      : 3600 seconds
Checkpoint Transactions: 1000000
Checkpoint Dirs        : [file:///tmp/hadoop-hadoop/dfs/namesecondary]
Checkpoint Edits Dirs  : [file:///tmp/hadoop-hadoop/dfs/namesecondary]] namenode.FSImageTransactionalStorageInspector (FSImageTransactionalStorageInspector.java:inspectDirectory(85)) - No version file in /tmp/hadoop-hadoop/dfs/namesecondary
2018-07-18 09:24:38,820 INFO  [SecondaryNameNode Status
Name Node Address      : master/172.18.0.3:9000
Start Time             : Wed Jul 18 09:23:36 GMT 2018
Last Checkpoint        : -- (417875 seconds ago)
Checkpoint Period      : 3600 seconds
Checkpoint Transactions: 1000000
Checkpoint Dirs        : [file:///tmp/hadoop-hadoop/dfs/namesecondary]
Checkpoint Edits Dirs  : [file:///tmp/hadoop-hadoop/dfs/namesecondary]] namenode.TransferFsImage (TransferFsImage.java:copyFileToStream(398)) - Sending fileName: /tmp/hadoop-hadoop/dfs/namesecondary/current/fsimage_0000000000000000325, fileSize: 720. Sent total: 720 bytes. Size of last segment intended to send: -1 bytes.
2018-07-18 09:24:38,842 INFO  [SecondaryNameNode Status
Name Node Address      : master/172.18.0.3:9000
Start Time             : Wed Jul 18 09:23:36 GMT 2018
Last Checkpoint        : -- (417875 seconds ago)
Checkpoint Period      : 3600 seconds
Checkpoint Transactions: 1000000
Checkpoint Dirs        : [file:///tmp/hadoop-hadoop/dfs/namesecondary]
Checkpoint Edits Dirs  : [file:///tmp/hadoop-hadoop/dfs/namesecondary]] namenode.TransferFsImage (TransferFsImage.java:uploadImageFromStorage(241)) - Uploaded image with txid 325 to namenode at http://master:50070 in 0.029 seconds
2018-07-18 09:24:38,842 WARN  [SecondaryNameNode Status
Name Node Address      : master/172.18.0.3:9000
Start Time             : Wed Jul 18 09:23:36 GMT 2018
Last Checkpoint        : -- (417875 seconds ago)
Checkpoint Period      : 3600 seconds
Checkpoint Transactions: 1000000
Checkpoint Dirs        : [file:///tmp/hadoop-hadoop/dfs/namesecondary]
Checkpoint Edits Dirs  : [file:///tmp/hadoop-hadoop/dfs/namesecondary]] namenode.SecondaryNameNode (SecondaryNameNode.java:doCheckpoint(585)) - Checkpoint done. New Image Size: 720
2018-07-18 10:24:39,136 INFO  [SecondaryNameNode Status
Name Node Address      : master/172.18.0.3:9000
Start Time             : Wed Jul 18 09:23:36 GMT 2018
Last Checkpoint        : -- (417875 seconds ago)
Checkpoint Period      : 3600 seconds
Checkpoint Transactions: 1000000
Checkpoint Dirs        : [file:///tmp/hadoop-hadoop/dfs/namesecondary]
Checkpoint Edits Dirs  : [file:///tmp/hadoop-hadoop/dfs/namesecondary]] namenode.SecondaryNameNode (SecondaryNameNode.java:run(419)) - Image has not changed. Will not download image.
2018-07-18 10:24:39,136 INFO  [SecondaryNameNode Status
Name Node Address      : master/172.18.0.3:9000
Start Time             : Wed Jul 18 09:23:36 GMT 2018
Last Checkpoint        : -- (417875 seconds ago)
Checkpoint Period      : 3600 seconds
Checkpoint Transactions: 1000000
Checkpoint Dirs        : [file:///tmp/hadoop-hadoop/dfs/namesecondary]
Checkpoint Edits Dirs  : [file:///tmp/hadoop-hadoop/dfs/namesecondary]] namenode.TransferFsImage (TransferFsImage.java:getFileClient(417)) - Opening connection to http://master:50070/imagetransfer?getedit=1&startTxId=326&endTxId=567&storageInfo=-63:1825193457:1528503999525:CID-a22712bb-353f-4d34-8c7b-3757042d6470
2018-07-18 10:24:39,142 INFO  [SecondaryNameNode Status
Name Node Address      : master/172.18.0.3:9000
Start Time             : Wed Jul 18 09:23:36 GMT 2018
Last Checkpoint        : -- (417875 seconds ago)
Checkpoint Period      : 3600 seconds
Checkpoint Transactions: 1000000
Checkpoint Dirs        : [file:///tmp/hadoop-hadoop/dfs/namesecondary]
Checkpoint Edits Dirs  : [file:///tmp/hadoop-hadoop/dfs/namesecondary]] namenode.TransferFsImage (TransferFsImage.java:receiveFile(595)) - Combined time for fsimage download and fsync to all disks took 0.00s. The fsimage download took 0.00s at 34000.00 KB/s. Synchronous (fsync) write to disk of /tmp/hadoop-hadoop/dfs/namesecondary/current/edits_tmp_0000000000000000326-0000000000000000567_0000000000421536446 took 0.00s.
2018-07-18 10:24:39,143 INFO  [SecondaryNameNode Status
Name Node Address      : master/172.18.0.3:9000
Start Time             : Wed Jul 18 09:23:36 GMT 2018
Last Checkpoint        : -- (417875 seconds ago)
Checkpoint Period      : 3600 seconds
Checkpoint Transactions: 1000000
Checkpoint Dirs        : [file:///tmp/hadoop-hadoop/dfs/namesecondary]
Checkpoint Edits Dirs  : [file:///tmp/hadoop-hadoop/dfs/namesecondary]] namenode.TransferFsImage (TransferFsImage.java:downloadEditsToStorage(172)) - Downloaded file edits_tmp_0000000000000000326-0000000000000000567_0000000000421536446 size 0 bytes.
2018-07-18 10:24:39,143 INFO  [SecondaryNameNode Status
Name Node Address      : master/172.18.0.3:9000
Start Time             : Wed Jul 18 09:23:36 GMT 2018
Last Checkpoint        : -- (417875 seconds ago)
Checkpoint Period      : 3600 seconds
Checkpoint Transactions: 1000000
Checkpoint Dirs        : [file:///tmp/hadoop-hadoop/dfs/namesecondary]
Checkpoint Edits Dirs  : [file:///tmp/hadoop-hadoop/dfs/namesecondary]] namenode.Checkpointer (Checkpointer.java:rollForwardByApplyingLogs(314)) - Checkpointer about to load edits from 1 stream(s).
2018-07-18 10:24:39,143 INFO  [SecondaryNameNode Status
Name Node Address      : master/172.18.0.3:9000
Start Time             : Wed Jul 18 09:23:36 GMT 2018
Last Checkpoint        : -- (417875 seconds ago)
Checkpoint Period      : 3600 seconds
Checkpoint Transactions: 1000000
Checkpoint Dirs        : [file:///tmp/hadoop-hadoop/dfs/namesecondary]
Checkpoint Edits Dirs  : [file:///tmp/hadoop-hadoop/dfs/namesecondary]] namenode.FSImage (FSImage.java:loadEdits(888)) - Reading /tmp/hadoop-hadoop/dfs/namesecondary/current/edits_0000000000000000326-0000000000000000567 expecting start txid #326
2018-07-18 10:24:39,144 INFO  [SecondaryNameNode Status
Name Node Address      : master/172.18.0.3:9000
Start Time             : Wed Jul 18 09:23:36 GMT 2018
Last Checkpoint        : -- (417875 seconds ago)
Checkpoint Period      : 3600 seconds
Checkpoint Transactions: 1000000
Checkpoint Dirs        : [file:///tmp/hadoop-hadoop/dfs/namesecondary]
Checkpoint Edits Dirs  : [file:///tmp/hadoop-hadoop/dfs/namesecondary]] namenode.FSImage (FSEditLogLoader.java:loadFSEdits(145)) - Start loading edits file /tmp/hadoop-hadoop/dfs/namesecondary/current/edits_0000000000000000326-0000000000000000567
2018-07-18 10:24:39,184 INFO  [SecondaryNameNode Status
Name Node Address      : master/172.18.0.3:9000
Start Time             : Wed Jul 18 09:23:36 GMT 2018
Last Checkpoint        : -- (417875 seconds ago)
Checkpoint Period      : 3600 seconds
Checkpoint Transactions: 1000000
Checkpoint Dirs        : [file:///tmp/hadoop-hadoop/dfs/namesecondary]
Checkpoint Edits Dirs  : [file:///tmp/hadoop-hadoop/dfs/namesecondary]] namenode.FSImage (FSEditLogLoader.java:loadFSEdits(148)) - Edits file /tmp/hadoop-hadoop/dfs/namesecondary/current/edits_0000000000000000326-0000000000000000567 of size 35586 edits # 242 loaded in 0 seconds
2018-07-18 10:24:39,185 INFO  [FSImageSaver for /tmp/hadoop-hadoop/dfs/namesecondary of type IMAGE_AND_EDITS] namenode.FSImageFormatProtobuf (FSImageFormatProtobuf.java:save(429)) - Saving image file /tmp/hadoop-hadoop/dfs/namesecondary/current/fsimage.ckpt_0000000000000000567 using no compression
2018-07-18 10:24:39,195 INFO  [FSImageSaver for /tmp/hadoop-hadoop/dfs/namesecondary of type IMAGE_AND_EDITS] namenode.FSImageFormatProtobuf (FSImageFormatProtobuf.java:save(433)) - Image file /tmp/hadoop-hadoop/dfs/namesecondary/current/fsimage.ckpt_0000000000000000567 of size 4258 bytes saved in 0 seconds .
2018-07-18 10:24:39,202 INFO  [SecondaryNameNode Status
Name Node Address      : master/172.18.0.3:9000
Start Time             : Wed Jul 18 09:23:36 GMT 2018
Last Checkpoint        : -- (417875 seconds ago)
Checkpoint Period      : 3600 seconds
Checkpoint Transactions: 1000000
Checkpoint Dirs        : [file:///tmp/hadoop-hadoop/dfs/namesecondary]
Checkpoint Edits Dirs  : [file:///tmp/hadoop-hadoop/dfs/namesecondary]] namenode.NNStorageRetentionManager (NNStorageRetentionManager.java:getImageTxIdToRetain(203)) - Going to retain 2 images with txid >= 325
2018-07-18 10:24:39,203 INFO  [SecondaryNameNode Status
Name Node Address      : master/172.18.0.3:9000
Start Time             : Wed Jul 18 09:23:36 GMT 2018
Last Checkpoint        : -- (417875 seconds ago)
Checkpoint Period      : 3600 seconds
Checkpoint Transactions: 1000000
Checkpoint Dirs        : [file:///tmp/hadoop-hadoop/dfs/namesecondary]
Checkpoint Edits Dirs  : [file:///tmp/hadoop-hadoop/dfs/namesecondary]] namenode.NNStorageRetentionManager (NNStorageRetentionManager.java:purgeImage(225)) - Purging old image FSImageFile(file=/tmp/hadoop-hadoop/dfs/namesecondary/current/fsimage_0000000000000000304, cpktTxId=0000000000000000304)
2018-07-18 10:24:39,211 INFO  [SecondaryNameNode Status
Name Node Address      : master/172.18.0.3:9000
Start Time             : Wed Jul 18 09:23:36 GMT 2018
Last Checkpoint        : -- (417875 seconds ago)
Checkpoint Period      : 3600 seconds
Checkpoint Transactions: 1000000
Checkpoint Dirs        : [file:///tmp/hadoop-hadoop/dfs/namesecondary]
Checkpoint Edits Dirs  : [file:///tmp/hadoop-hadoop/dfs/namesecondary]] namenode.TransferFsImage (TransferFsImage.java:copyFileToStream(398)) - Sending fileName: /tmp/hadoop-hadoop/dfs/namesecondary/current/fsimage_0000000000000000567, fileSize: 4258. Sent total: 4258 bytes. Size of last segment intended to send: -1 bytes.
2018-07-18 10:24:39,223 INFO  [SecondaryNameNode Status
Name Node Address      : master/172.18.0.3:9000
Start Time             : Wed Jul 18 09:23:36 GMT 2018
Last Checkpoint        : -- (417875 seconds ago)
Checkpoint Period      : 3600 seconds
Checkpoint Transactions: 1000000
Checkpoint Dirs        : [file:///tmp/hadoop-hadoop/dfs/namesecondary]
Checkpoint Edits Dirs  : [file:///tmp/hadoop-hadoop/dfs/namesecondary]] namenode.TransferFsImage (TransferFsImage.java:uploadImageFromStorage(241)) - Uploaded image with txid 567 to namenode at http://master:50070 in 0.013 seconds
2018-07-18 10:24:39,223 WARN  [SecondaryNameNode Status
Name Node Address      : master/172.18.0.3:9000
Start Time             : Wed Jul 18 09:23:36 GMT 2018
Last Checkpoint        : -- (417875 seconds ago)
Checkpoint Period      : 3600 seconds
Checkpoint Transactions: 1000000
Checkpoint Dirs        : [file:///tmp/hadoop-hadoop/dfs/namesecondary]
Checkpoint Edits Dirs  : [file:///tmp/hadoop-hadoop/dfs/namesecondary]] namenode.SecondaryNameNode (SecondaryNameNode.java:doCheckpoint(585)) - Checkpoint done. New Image Size: 4258
2018-07-18 11:24:39,474 INFO  [SecondaryNameNode Status
Name Node Address      : master/172.18.0.3:9000
Start Time             : Wed Jul 18 09:23:36 GMT 2018
Last Checkpoint        : -- (417875 seconds ago)
Checkpoint Period      : 3600 seconds
Checkpoint Transactions: 1000000
Checkpoint Dirs        : [file:///tmp/hadoop-hadoop/dfs/namesecondary]
Checkpoint Edits Dirs  : [file:///tmp/hadoop-hadoop/dfs/namesecondary]] namenode.SecondaryNameNode (SecondaryNameNode.java:run(419)) - Image has not changed. Will not download image.
2018-07-18 11:24:39,475 INFO  [SecondaryNameNode Status
Name Node Address      : master/172.18.0.3:9000
Start Time             : Wed Jul 18 09:23:36 GMT 2018
Last Checkpoint        : -- (417875 seconds ago)
Checkpoint Period      : 3600 seconds
Checkpoint Transactions: 1000000
Checkpoint Dirs        : [file:///tmp/hadoop-hadoop/dfs/namesecondary]
Checkpoint Edits Dirs  : [file:///tmp/hadoop-hadoop/dfs/namesecondary]] namenode.TransferFsImage (TransferFsImage.java:getFileClient(417)) - Opening connection to http://master:50070/imagetransfer?getedit=1&startTxId=568&endTxId=569&storageInfo=-63:1825193457:1528503999525:CID-a22712bb-353f-4d34-8c7b-3757042d6470
2018-07-18 11:24:39,484 INFO  [SecondaryNameNode Status
Name Node Address      : master/172.18.0.3:9000
Start Time             : Wed Jul 18 09:23:36 GMT 2018
Last Checkpoint        : -- (417875 seconds ago)
Checkpoint Period      : 3600 seconds
Checkpoint Transactions: 1000000
Checkpoint Dirs        : [file:///tmp/hadoop-hadoop/dfs/namesecondary]
Checkpoint Edits Dirs  : [file:///tmp/hadoop-hadoop/dfs/namesecondary]] namenode.TransferFsImage (TransferFsImage.java:receiveFile(595)) - Combined time for fsimage download and fsync to all disks took 0.00s. The fsimage download took 0.00s at 0.00 KB/s. Synchronous (fsync) write to disk of /tmp/hadoop-hadoop/dfs/namesecondary/current/edits_tmp_0000000000000000568-0000000000000000569_0000000000425136785 took 0.00s.
2018-07-18 11:24:39,484 INFO  [SecondaryNameNode Status
Name Node Address      : master/172.18.0.3:9000
Start Time             : Wed Jul 18 09:23:36 GMT 2018
Last Checkpoint        : -- (417875 seconds ago)
Checkpoint Period      : 3600 seconds
Checkpoint Transactions: 1000000
Checkpoint Dirs        : [file:///tmp/hadoop-hadoop/dfs/namesecondary]
Checkpoint Edits Dirs  : [file:///tmp/hadoop-hadoop/dfs/namesecondary]] namenode.TransferFsImage (TransferFsImage.java:downloadEditsToStorage(172)) - Downloaded file edits_tmp_0000000000000000568-0000000000000000569_0000000000425136785 size 0 bytes.
2018-07-18 11:24:39,485 INFO  [SecondaryNameNode Status
Name Node Address      : master/172.18.0.3:9000
Start Time             : Wed Jul 18 09:23:36 GMT 2018
Last Checkpoint        : -- (417875 seconds ago)
Checkpoint Period      : 3600 seconds
Checkpoint Transactions: 1000000
Checkpoint Dirs        : [file:///tmp/hadoop-hadoop/dfs/namesecondary]
Checkpoint Edits Dirs  : [file:///tmp/hadoop-hadoop/dfs/namesecondary]] namenode.Checkpointer (Checkpointer.java:rollForwardByApplyingLogs(314)) - Checkpointer about to load edits from 1 stream(s).
2018-07-18 11:24:39,485 INFO  [SecondaryNameNode Status
Name Node Address      : master/172.18.0.3:9000
Start Time             : Wed Jul 18 09:23:36 GMT 2018
Last Checkpoint        : -- (417875 seconds ago)
Checkpoint Period      : 3600 seconds
Checkpoint Transactions: 1000000
Checkpoint Dirs        : [file:///tmp/hadoop-hadoop/dfs/namesecondary]
Checkpoint Edits Dirs  : [file:///tmp/hadoop-hadoop/dfs/namesecondary]] namenode.FSImage (FSImage.java:loadEdits(888)) - Reading /tmp/hadoop-hadoop/dfs/namesecondary/current/edits_0000000000000000568-0000000000000000569 expecting start txid #568
2018-07-18 11:24:39,485 INFO  [SecondaryNameNode Status
Name Node Address      : master/172.18.0.3:9000
Start Time             : Wed Jul 18 09:23:36 GMT 2018
Last Checkpoint        : -- (417875 seconds ago)
Checkpoint Period      : 3600 seconds
Checkpoint Transactions: 1000000
Checkpoint Dirs        : [file:///tmp/hadoop-hadoop/dfs/namesecondary]
Checkpoint Edits Dirs  : [file:///tmp/hadoop-hadoop/dfs/namesecondary]] namenode.FSImage (FSEditLogLoader.java:loadFSEdits(145)) - Start loading edits file /tmp/hadoop-hadoop/dfs/namesecondary/current/edits_0000000000000000568-0000000000000000569
2018-07-18 11:24:39,485 INFO  [SecondaryNameNode Status
Name Node Address      : master/172.18.0.3:9000
Start Time             : Wed Jul 18 09:23:36 GMT 2018
Last Checkpoint        : -- (417875 seconds ago)
Checkpoint Period      : 3600 seconds
Checkpoint Transactions: 1000000
Checkpoint Dirs        : [file:///tmp/hadoop-hadoop/dfs/namesecondary]
Checkpoint Edits Dirs  : [file:///tmp/hadoop-hadoop/dfs/namesecondary]] namenode.FSImage (FSEditLogLoader.java:loadFSEdits(148)) - Edits file /tmp/hadoop-hadoop/dfs/namesecondary/current/edits_0000000000000000568-0000000000000000569 of size 42 edits # 2 loaded in 0 seconds
2018-07-18 11:24:39,486 INFO  [FSImageSaver for /tmp/hadoop-hadoop/dfs/namesecondary of type IMAGE_AND_EDITS] namenode.FSImageFormatProtobuf (FSImageFormatProtobuf.java:save(429)) - Saving image file /tmp/hadoop-hadoop/dfs/namesecondary/current/fsimage.ckpt_0000000000000000569 using no compression
2018-07-18 11:24:39,491 INFO  [FSImageSaver for /tmp/hadoop-hadoop/dfs/namesecondary of type IMAGE_AND_EDITS] namenode.FSImageFormatProtobuf (FSImageFormatProtobuf.java:save(433)) - Image file /tmp/hadoop-hadoop/dfs/namesecondary/current/fsimage.ckpt_0000000000000000569 of size 4258 bytes saved in 0 seconds .
2018-07-18 11:24:39,495 INFO  [SecondaryNameNode Status
Name Node Address      : master/172.18.0.3:9000
Start Time             : Wed Jul 18 09:23:36 GMT 2018
Last Checkpoint        : -- (417875 seconds ago)
Checkpoint Period      : 3600 seconds
Checkpoint Transactions: 1000000
Checkpoint Dirs        : [file:///tmp/hadoop-hadoop/dfs/namesecondary]
Checkpoint Edits Dirs  : [file:///tmp/hadoop-hadoop/dfs/namesecondary]] namenode.NNStorageRetentionManager (NNStorageRetentionManager.java:getImageTxIdToRetain(203)) - Going to retain 2 images with txid >= 567
2018-07-18 11:24:39,495 INFO  [SecondaryNameNode Status
Name Node Address      : master/172.18.0.3:9000
Start Time             : Wed Jul 18 09:23:36 GMT 2018
Last Checkpoint        : -- (417875 seconds ago)
Checkpoint Period      : 3600 seconds
Checkpoint Transactions: 1000000
Checkpoint Dirs        : [file:///tmp/hadoop-hadoop/dfs/namesecondary]
Checkpoint Edits Dirs  : [file:///tmp/hadoop-hadoop/dfs/namesecondary]] namenode.NNStorageRetentionManager (NNStorageRetentionManager.java:purgeImage(225)) - Purging old image FSImageFile(file=/tmp/hadoop-hadoop/dfs/namesecondary/current/fsimage_0000000000000000325, cpktTxId=0000000000000000325)
2018-07-18 11:24:39,499 INFO  [SecondaryNameNode Status
Name Node Address      : master/172.18.0.3:9000
Start Time             : Wed Jul 18 09:23:36 GMT 2018
Last Checkpoint        : -- (417875 seconds ago)
Checkpoint Period      : 3600 seconds
Checkpoint Transactions: 1000000
Checkpoint Dirs        : [file:///tmp/hadoop-hadoop/dfs/namesecondary]
Checkpoint Edits Dirs  : [file:///tmp/hadoop-hadoop/dfs/namesecondary]] namenode.TransferFsImage (TransferFsImage.java:copyFileToStream(398)) - Sending fileName: /tmp/hadoop-hadoop/dfs/namesecondary/current/fsimage_0000000000000000569, fileSize: 4258. Sent total: 4258 bytes. Size of last segment intended to send: -1 bytes.
2018-07-18 11:24:39,508 INFO  [SecondaryNameNode Status
Name Node Address      : master/172.18.0.3:9000
Start Time             : Wed Jul 18 09:23:36 GMT 2018
Last Checkpoint        : -- (417875 seconds ago)
Checkpoint Period      : 3600 seconds
Checkpoint Transactions: 1000000
Checkpoint Dirs        : [file:///tmp/hadoop-hadoop/dfs/namesecondary]
Checkpoint Edits Dirs  : [file:///tmp/hadoop-hadoop/dfs/namesecondary]] namenode.TransferFsImage (TransferFsImage.java:uploadImageFromStorage(241)) - Uploaded image with txid 569 to namenode at http://master:50070 in 0.01 seconds
2018-07-18 11:24:39,508 WARN  [SecondaryNameNode Status
Name Node Address      : master/172.18.0.3:9000
Start Time             : Wed Jul 18 09:23:36 GMT 2018
Last Checkpoint        : -- (417875 seconds ago)
Checkpoint Period      : 3600 seconds
Checkpoint Transactions: 1000000
Checkpoint Dirs        : [file:///tmp/hadoop-hadoop/dfs/namesecondary]
Checkpoint Edits Dirs  : [file:///tmp/hadoop-hadoop/dfs/namesecondary]] namenode.SecondaryNameNode (SecondaryNameNode.java:doCheckpoint(585)) - Checkpoint done. New Image Size: 4258
